<?xml version="1.0" encoding="UTF-8"?>
<!-- Generated by org.testng.reporters.JUnitReportReporter -->
<testsuite hostname="Sony-PC" name="jenkinstest.jenkinstest.Test1" tests="2" failures="0" timestamp="4 Sep 2018 09:54:12 GMT" time="0.067" errors="0">
  <testcase name="test1" time="0.061" classname="jenkinstest.jenkinstest.Test1"/>
  <testcase name="test2" time="0.006" classname="jenkinstest.jenkinstest.Test1"/>
</testsuite> <!-- jenkinstest.jenkinstest.Test1 -->
