<?xml version="1.0" encoding="UTF-8"?>
<!-- Generated by org.testng.reporters.JUnitReportReporter -->
<testsuite hostname="Sony-PC" name="jenkinstest.jenkinstest.Test1" tests="3" failures="0" timestamp="4 Sep 2018 12:05:34 GMT" time="0.029" errors="0">
  <testcase name="test1" time="0.003" classname="jenkinstest.jenkinstest.Test1"/>
  <testcase name="test2" time="0.002" classname="jenkinstest.jenkinstest.Test1"/>
  <testcase name="test3" time="0.024" classname="jenkinstest.jenkinstest.Test1"/>
</testsuite> <!-- jenkinstest.jenkinstest.Test1 -->
