<?xml version="1.0" encoding="UTF-8"?>
<!-- Generated by org.testng.reporters.JUnitReportReporter -->
<testsuite hostname="Sony-PC" name="jenkinstest.jenkinstest.Test1" tests="2" failures="0" timestamp="4 Sep 2018 11:14:29 GMT" time="0.030" errors="0">
  <testcase name="test1" time="0.008" classname="jenkinstest.jenkinstest.Test1"/>
  <testcase name="test2" time="0.022" classname="jenkinstest.jenkinstest.Test1"/>
</testsuite> <!-- jenkinstest.jenkinstest.Test1 -->
